10-24 18:21 * root         * INFO     * Writing DEBUG output in : debug.log
10-24 18:21 * root         * INFO     * Using Preprocessing: scale
10-24 18:21 * root         * INFO     * Forcing Balance: -1
10-24 18:21 * root         * INFO     * Proportional: -1
10-24 18:21 * root         * INFO     * Using Grid Search: 0
10-24 18:21 * root         * INFO     * NFolds for CV = 10
10-24 18:21 * root         * INFO     * Has plot libs: 0
10-24 18:21 * root         * INFO     * Generating Pickle = 1
10-24 18:21 * root         * INFO     * Running in parallel = 0
10-24 18:21 * root         * INFO     * Njobs = 2
10-24 18:21 * root         * INFO     * Classifiers = etc|gbc|nbc
10-24 18:21 * root         * INFO     * Using seed: 29
10-24 18:21 * root         * INFO     * Loading: positive-.pk and negative-.pk
10-24 18:21 * root         * INFO     * Processing method used: scale
10-24 18:21 * root         * INFO     * Loading the datasets...
10-24 18:21 * root         * INFO     * Loaded
10-24 18:21 * root         * INFO     * Transforming datasets into Dictionaries...
10-24 18:21 * root         * INFO     * Transformed
10-24 18:21 * root         * INFO     * Using 549 positive examples -- class 0
10-24 18:21 * root         * INFO     * Using 342 negative examples -- class 1
10-24 18:21 * root         * INFO     * Vectorizing dictionaries...
10-24 18:21 * root         * INFO     * Feature Names: ['Age', 'CabinType', 'Embarked', 'Fare', 'FareBin', 'Parch', 'Pclass', 'Sex', 'Sibsp', 'Title_miss', 'Title_mr', 'Title_mrs', 'Title_other']
10-24 18:21 * root         * INFO     * Vectorized
10-24 18:21 * root         * INFO     * Preprocessing data
10-24 18:21 * root         * INFO     * Data preprocessed
10-24 18:21 * root         * INFO     * Shuffling the data...
10-24 18:21 * root         * DEBUG    * X - [[ 0.06737534  0.51239713  0.58871704 ...,  0.85053175 -0.4039621
  -0.26142939]
 [ 0.06737534  0.51239713  0.58871704 ...,  0.85053175 -0.4039621
  -0.26142939]
 [-0.51910139  0.51239713  0.58871704 ...,  0.85053175 -0.4039621
  -0.26142939]
 ..., 
 [-0.10815516 -1.91345752  0.58871704 ...,  0.85053175 -0.4039621
  -0.26142939]
 [ 2.48011905  0.51239713  0.58871704 ...,  0.85053175 -0.4039621
  -0.26142939]
 [ 0.40373567  0.51239713  0.58871704 ...,  0.85053175 -0.4039621
  -0.26142939]]
10-24 18:21 * root         * INFO     * Shuffled
10-24 18:21 * root         * INFO     * Running classifiers...
10-24 18:21 * classifiers.py * INFO     * Running: Naive Bayes
10-24 18:21 * classifiers.py * INFO     * OTHERS ==> {'measureProbas': True}
10-24 18:21 * classifiers.py * INFO     * Classifier ==> GaussianNB()
10-24 18:21 * root         * DEBUG    * [0, 0, 0, 1, 0, 1, 1, 0, 0, 0, 0, 0, 0, 0, 1, 0, 0, 0, 0, 0, 0, 1, 0, 0, 0, 1, 0, 0, 0, 0, 1, 0, 0, 0, 0, 0, 1, 1, 0, 1, 1, 1, 0, 0, 0, 0, 1, 1, 1, 0, 0, 0, 1, 0, 0, 0, 1, 1, 0, 1, 0, 1, 0, 1, 1, 1, 0, 0, 1, 0, 0, 0, 0, 1, 0, 1, 1, 0, 1, 0, 0, 1, 0, 1, 0, 0, 0, 0, 1, 0, 1, 0, 0, 1, 1, 0, 0, 0, 1, 1, 1, 1, 1, 1, 1, 0, 1, 0, 1, 0, 0, 0, 1, 0, 0, 1, 0, 0, 1, 1, 1, 0, 1, 0, 1, 0, 0, 0, 0, 1, 0, 1, 0, 1, 1, 1, 0, 1, 0, 0, 0, 0, 0, 0, 0, 1, 1, 1, 0, 1, 0, 0, 1, 0, 1, 0, 0, 1, 1, 0, 1, 0, 1, 0, 1, 0, 0, 0, 0, 1, 1, 1, 0, 0, 1, 1, 1, 1, 1, 1, 0, 0, 1, 0, 0, 1, 0, 0, 0, 1, 0, 1, 1, 1, 0, 1, 0, 0, 0, 0, 0, 0, 0, 0, 0, 0, 1, 1, 0, 0, 0, 1, 0, 0, 1, 0, 1, 0, 0, 1, 0, 0, 0, 1, 1, 0, 0, 1, 0, 1, 1, 1, 0, 0, 0, 1, 0, 0, 1, 0, 0, 0, 0, 1, 1, 0, 1, 0, 1, 0, 0, 0, 0, 0, 0, 0, 0, 1, 0, 0, 1, 1, 1, 0, 1, 1, 1, 1, 0, 1, 0, 1, 0, 0, 1, 0, 1, 0, 1, 1, 0, 0, 0, 0, 0, 1, 0, 1, 1, 0, 0, 1, 0, 1, 0, 0, 0, 1, 0, 1, 0, 0, 1, 1, 1, 0, 1, 0, 0, 0, 0, 1, 0, 1, 0, 0, 0, 0, 1, 1, 1, 1, 0, 0, 1, 0, 1, 0, 0, 0, 0, 0, 1, 1, 0, 1, 1, 0, 0, 0, 1, 0, 1, 1, 0, 0, 1, 1, 1, 0, 0, 0, 0, 0, 1, 0, 0, 0, 0, 0, 1, 0, 1, 1, 1, 0, 1, 1, 1, 0, 1, 1, 0, 0, 0, 1, 0, 1, 1, 0, 0, 0, 0, 0, 0, 1, 0, 0, 0, 1, 0, 0, 0, 0, 1, 0, 1, 0, 1, 1, 0, 1, 1, 1, 0, 1, 0, 0, 1, 0, 1, 1, 1, 1, 0, 0, 1, 0, 1, 0, 0, 0, 0, 0, 1, 1, 1, 0, 1, 1, 0, 1, 1, 1, 1, 0, 1, 0, 0, 0, 0, 1, 0, 0, 1, 1, 0, 0, 0, 1, 0, 0, 1, 0, 1, 0, 1, 0, 0, 1, 0, 0, 1, 0, 0, 1, 0, 0, 0, 0, 0, 0, 1, 0, 0, 0, 1, 1, 0, 1, 1, 1, 0, 1, 0, 1, 0, 1, 0, 0, 0, 0, 0, 0, 1, 1, 0, 1, 0, 0, 0, 1, 0, 0, 1, 0, 0, 0, 1, 1, 1, 1, 0, 0, 1, 0, 1, 0, 1, 1, 1, 1, 1, 0, 0, 0, 0, 0, 1, 1, 0, 0, 0, 1, 0, 1, 1, 0, 0, 0, 0, 0, 0, 0, 1, 1, 1, 0, 0, 1, 0, 1, 1, 0, 1, 0, 0, 0, 1, 0, 1, 1, 0, 0, 1, 0, 0, 1, 0, 0, 0, 0, 0, 0, 1, 0, 1, 1, 0, 0, 0, 0, 0, 1, 1, 1, 0, 1, 1, 0, 0, 1, 0, 0, 1, 1, 0, 1, 0, 1, 1, 0, 1, 1, 1, 1, 1, 0, 0, 0, 0, 0, 1, 1, 0, 0, 1, 0, 1, 0, 0, 0, 1, 0, 1, 0, 0, 0, 0, 1, 0, 0, 1, 0, 0, 0, 0, 1, 1, 0, 0, 1, 0, 1, 0, 1, 0, 0, 1, 0, 1, 1, 1, 0, 0, 1, 0, 0, 0, 0, 1, 1, 0, 0, 0, 1, 0, 0, 1, 0, 0, 0, 1, 1, 0, 1, 1, 0, 0, 1, 0, 1, 0, 1, 1, 1, 1, 1, 0, 1, 1, 0, 0, 1, 0, 0, 1, 0, 1, 0, 1, 1, 1, 1, 0, 0, 1, 1, 1, 0, 0, 1, 0, 0, 1, 0, 1, 0, 0, 0, 0, 1, 1, 0, 1, 0, 1, 1, 1, 0, 1, 0, 1, 1, 0, 1, 0, 1, 0, 0, 0, 0, 0, 1, 1, 1, 1, 0, 0, 0, 0, 0, 0, 0, 0, 1, 1, 0, 0, 0, 0, 1, 0, 0, 0, 1, 1, 1, 1, 0, 0, 0, 0, 0, 0, 0, 0, 0, 0, 1, 0, 0, 1, 0, 0, 1, 1, 0, 1, 0, 0, 0, 0, 0, 0, 1, 1, 0, 0, 1, 0, 0, 1, 1, 0, 0, 0, 1, 0, 0, 1, 1, 0, 0, 1, 0, 1, 1, 0, 0, 1, 1, 1, 1, 1, 1, 0, 0, 0, 1, 0, 1, 0, 0, 1, 1, 1, 0, 1, 0, 1, 1, 1, 1, 0, 0, 0, 0, 0, 1, 0, 1, 0, 1, 0, 0, 1, 0, 1, 1, 0, 0, 1, 0, 0, 0, 0, 0, 1, 1, 0, 1, 0, 0, 1, 1, 0, 0, 1, 1, 0, 0, 0, 1, 0, 1, 1, 0, 0, 0, 0]
10-24 18:21 * classifiers.py * INFO     * Done
10-24 18:21 * classifiers.py * INFO     *              precision    recall  f1-score   support

   Positive       0.85      0.81      0.83       549
   Negative       0.71      0.78      0.75       342

avg / total       0.80      0.80      0.80       891

10-24 18:21 * classifiers.py * INFO     * F1 Scores (no average) --> [ 0.82926829  0.74581006]
10-24 18:21 * classifiers.py * INFO     * sf1 -> 0.745810055866
10-24 18:21 * classifiers.py * INFO     * GAIN --> inf% 
10-24 18:21 * classifiers.py * INFO     * mf1 -> 0.787539174274
10-24 18:21 * classifiers.py * INFO     * GAIN --> 106.57% 
10-24 18:21 * classifiers.py * INFO     * wf1 -> 0.797233817945
10-24 18:21 * classifiers.py * INFO     * GAIN --> 69.69% 
10-24 18:21 * classifiers.py * INFO     * ACC Score --> 0.795735129068
10-24 18:21 * classifiers.py * INFO     * GAIN --> 29.14% 
10-24 18:21 * classifiers.py * INFO     * Running: Random Forest
10-24 18:21 * classifiers.py * INFO     * OTHERS ==> {'useGridSearch': False, 'featureNames': ['Age', 'CabinType', 'Embarked', 'Fare', 'FareBin', 'Parch', 'Pclass', 'Sex', 'Sibsp', 'Title_miss', 'Title_mr', 'Title_mrs', 'Title_other'], 'featuresOutFilename': 'classification.out.pk', 'measureProbas': True, 'tryToMeasureFeatureImportance': True, 'gridParameters': [{'max_features': [None], 'n_estimators': [10, 100, 1000, 10000], 'criterion': ['entropy']}]}
10-24 18:21 * classifiers.py * INFO     * Classifier ==> ExtraTreesClassifier(bootstrap=False, compute_importances=None,
           criterion=entropy, max_depth=None, max_features=None,
           min_density=None, min_samples_leaf=1, min_samples_split=2,
           n_estimators=120, n_jobs=2, oob_score=False, random_state=0,
           verbose=0)
10-24 18:21 * root         * DEBUG    * [0, 0, 0, 1, 0, 1, 1, 0, 1, 0, 0, 0, 0, 0, 1, 0, 0, 0, 0, 0, 0, 1, 0, 0, 0, 1, 1, 0, 0, 0, 1, 0, 0, 0, 0, 0, 0, 1, 0, 1, 1, 1, 0, 0, 0, 1, 1, 0, 1, 0, 0, 0, 0, 0, 1, 0, 0, 1, 0, 1, 0, 1, 0, 1, 1, 1, 0, 0, 1, 1, 0, 0, 0, 1, 0, 1, 1, 0, 1, 0, 0, 1, 0, 1, 0, 0, 0, 0, 1, 0, 1, 0, 0, 1, 1, 0, 0, 0, 1, 1, 1, 1, 0, 1, 1, 0, 1, 0, 1, 0, 0, 0, 1, 0, 0, 1, 0, 0, 1, 0, 0, 0, 0, 0, 1, 0, 0, 0, 1, 1, 0, 0, 0, 1, 1, 1, 0, 1, 0, 1, 0, 0, 0, 0, 0, 0, 1, 0, 0, 1, 0, 0, 1, 0, 1, 0, 0, 1, 1, 0, 1, 0, 1, 0, 1, 0, 0, 0, 0, 1, 0, 1, 0, 0, 1, 1, 1, 1, 1, 1, 0, 0, 1, 0, 0, 1, 0, 0, 0, 0, 1, 1, 1, 0, 0, 1, 0, 0, 1, 0, 0, 0, 0, 0, 0, 0, 1, 1, 0, 1, 0, 1, 0, 1, 0, 0, 1, 0, 0, 0, 0, 0, 1, 0, 1, 0, 0, 1, 1, 1, 1, 1, 0, 0, 0, 1, 0, 0, 0, 0, 0, 0, 0, 0, 1, 0, 1, 0, 0, 0, 0, 0, 0, 0, 0, 0, 0, 1, 0, 0, 0, 1, 0, 1, 0, 1, 1, 1, 0, 1, 0, 1, 0, 0, 0, 1, 1, 0, 1, 0, 0, 0, 1, 0, 0, 1, 0, 0, 1, 0, 0, 1, 0, 0, 0, 0, 0, 1, 1, 1, 0, 0, 0, 0, 1, 0, 1, 0, 0, 0, 0, 1, 0, 1, 1, 0, 0, 0, 0, 1, 1, 1, 0, 0, 1, 0, 1, 0, 0, 0, 0, 0, 0, 1, 0, 1, 1, 0, 0, 0, 0, 0, 1, 1, 0, 0, 0, 1, 1, 0, 0, 0, 0, 0, 1, 0, 0, 0, 0, 0, 1, 0, 1, 1, 1, 0, 1, 0, 0, 1, 1, 1, 0, 1, 0, 1, 0, 0, 1, 0, 0, 0, 1, 1, 0, 1, 0, 1, 0, 1, 0, 1, 0, 0, 0, 0, 0, 0, 1, 1, 0, 0, 1, 0, 0, 1, 0, 1, 1, 0, 0, 1, 0, 0, 0, 0, 0, 0, 0, 0, 0, 0, 0, 0, 1, 1, 1, 0, 1, 0, 0, 1, 1, 1, 1, 0, 1, 1, 1, 0, 0, 1, 0, 0, 1, 1, 1, 0, 0, 0, 1, 0, 1, 0, 1, 0, 1, 0, 0, 0, 0, 0, 0, 0, 0, 1, 0, 0, 0, 1, 0, 0, 1, 0, 0, 0, 1, 0, 0, 1, 1, 1, 0, 1, 0, 1, 1, 0, 0, 0, 1, 1, 0, 0, 1, 1, 0, 0, 1, 0, 0, 1, 0, 1, 1, 0, 0, 0, 1, 1, 1, 1, 0, 0, 0, 0, 1, 1, 1, 1, 1, 1, 0, 0, 0, 1, 0, 0, 1, 1, 0, 1, 0, 1, 0, 1, 1, 0, 0, 0, 0, 0, 0, 0, 1, 0, 0, 0, 0, 0, 0, 0, 0, 0, 1, 0, 0, 0, 1, 0, 0, 1, 0, 0, 0, 1, 0, 0, 0, 0, 0, 0, 0, 0, 0, 0, 1, 1, 0, 0, 0, 1, 0, 1, 1, 1, 0, 1, 0, 0, 0, 0, 0, 0, 1, 1, 0, 1, 0, 1, 1, 0, 1, 1, 0, 1, 1, 0, 0, 0, 0, 0, 1, 1, 0, 0, 1, 0, 1, 0, 1, 0, 1, 0, 1, 0, 0, 0, 0, 0, 0, 0, 1, 0, 0, 0, 0, 1, 0, 0, 0, 1, 0, 1, 0, 1, 0, 0, 0, 0, 1, 1, 0, 0, 0, 1, 0, 0, 0, 0, 1, 1, 0, 0, 0, 1, 1, 0, 1, 0, 0, 1, 1, 1, 0, 1, 0, 1, 0, 1, 0, 1, 0, 1, 1, 0, 1, 0, 0, 1, 0, 0, 0, 0, 0, 1, 1, 0, 1, 0, 0, 0, 1, 1, 0, 0, 1, 1, 0, 0, 0, 0, 1, 0, 0, 0, 0, 0, 0, 0, 0, 1, 0, 0, 1, 0, 1, 1, 1, 0, 1, 0, 0, 1, 0, 0, 0, 0, 0, 0, 0, 0, 0, 1, 1, 0, 1, 0, 0, 0, 0, 0, 0, 0, 0, 1, 1, 0, 0, 0, 0, 0, 0, 0, 0, 1, 0, 1, 0, 0, 1, 0, 0, 0, 0, 0, 0, 0, 0, 1, 1, 0, 1, 0, 0, 1, 1, 0, 0, 0, 0, 0, 0, 0, 0, 1, 1, 0, 0, 1, 0, 0, 1, 1, 0, 0, 0, 0, 0, 0, 0, 0, 0, 0, 1, 0, 1, 1, 0, 0, 0, 1, 1, 1, 1, 1, 0, 0, 0, 1, 0, 1, 0, 0, 0, 1, 1, 0, 1, 0, 0, 1, 0, 0, 0, 0, 1, 0, 0, 1, 0, 1, 0, 1, 0, 0, 0, 0, 0, 1, 0, 0, 0, 0, 0, 0, 0, 0, 1, 1, 0, 0, 1, 0, 1, 1, 0, 0, 1, 1, 0, 0, 0, 1, 0, 0, 1, 0, 1, 0, 0]
10-24 18:21 * classifiers.py * INFO     * Done
10-24 18:21 * classifiers.py * INFO     *              precision    recall  f1-score   support

   Positive       0.85      0.88      0.87       549
   Negative       0.80      0.75      0.78       342

avg / total       0.83      0.83      0.83       891

10-24 18:21 * classifiers.py * INFO     * F1 Scores (no average) --> [ 0.86762075  0.77710843]
10-24 18:21 * classifiers.py * INFO     * sf1 -> 0.777108433735
10-24 18:21 * classifiers.py * INFO     * GAIN --> inf% 
10-24 18:21 * classifiers.py * INFO     * mf1 -> 0.822364592538
10-24 18:21 * classifiers.py * INFO     * GAIN --> 115.70% 
10-24 18:21 * classifiers.py * INFO     * wf1 -> 0.832878649634
10-24 18:21 * classifiers.py * INFO     * GAIN --> 77.27% 
10-24 18:21 * classifiers.py * INFO     * ACC Score --> 0.833894500561
10-24 18:21 * classifiers.py * INFO     * GAIN --> 35.34% 
10-24 18:21 * classifiers.py * INFO     * Running: GBC
10-24 18:21 * classifiers.py * INFO     * OTHERS ==> {'useGridSearch': False, 'measureProbas': True, 'featureNames': ['Age', 'CabinType', 'Embarked', 'Fare', 'FareBin', 'Parch', 'Pclass', 'Sex', 'Sibsp', 'Title_miss', 'Title_mr', 'Title_mrs', 'Title_other'], 'gridParameters': [{}], 'featuresOutFilename': 'classification.out.pk'}
10-24 18:21 * classifiers.py * INFO     * Classifier ==> GradientBoostingClassifier(init=None, learning_rate=0.1, loss=deviance,
              max_depth=4, max_features=None, min_samples_leaf=1,
              min_samples_split=2, n_estimators=300, random_state=29,
              subsample=0.6, verbose=0)
10-24 18:22 * root         * DEBUG    * [0, 0, 0, 0, 0, 1, 1, 0, 1, 0, 0, 0, 0, 0, 1, 0, 1, 0, 0, 0, 0, 1, 0, 0, 1, 1, 1, 0, 0, 0, 1, 0, 0, 0, 0, 0, 0, 1, 0, 1, 1, 1, 0, 0, 0, 1, 1, 1, 1, 0, 0, 0, 0, 0, 0, 0, 0, 1, 0, 0, 0, 1, 0, 1, 1, 1, 0, 0, 1, 1, 0, 0, 0, 1, 0, 1, 0, 0, 0, 0, 1, 1, 0, 1, 0, 0, 0, 0, 1, 0, 1, 0, 0, 0, 1, 0, 1, 0, 1, 1, 1, 1, 0, 1, 1, 0, 1, 0, 1, 0, 0, 0, 1, 0, 0, 1, 0, 0, 1, 0, 0, 0, 0, 0, 1, 0, 0, 0, 1, 1, 0, 1, 0, 1, 1, 1, 0, 1, 0, 0, 0, 0, 0, 0, 0, 0, 1, 0, 0, 1, 0, 0, 1, 0, 1, 0, 0, 1, 1, 0, 1, 0, 1, 0, 1, 0, 0, 0, 0, 1, 1, 1, 0, 0, 1, 1, 1, 1, 1, 1, 0, 0, 1, 0, 0, 1, 0, 0, 0, 0, 1, 1, 1, 1, 0, 1, 0, 0, 1, 0, 0, 0, 0, 0, 0, 0, 1, 1, 0, 1, 0, 1, 0, 0, 0, 0, 1, 0, 1, 1, 1, 0, 1, 0, 1, 0, 0, 1, 1, 1, 1, 1, 0, 0, 0, 1, 0, 0, 0, 0, 0, 0, 0, 0, 0, 0, 1, 0, 1, 0, 0, 0, 0, 0, 0, 0, 0, 1, 0, 0, 0, 0, 0, 1, 0, 0, 1, 1, 0, 1, 0, 1, 0, 0, 0, 1, 1, 0, 1, 0, 0, 0, 0, 0, 0, 1, 0, 1, 1, 0, 0, 1, 0, 1, 0, 0, 0, 0, 1, 1, 0, 0, 1, 0, 1, 0, 0, 0, 0, 0, 0, 1, 0, 1, 1, 0, 0, 0, 0, 1, 1, 1, 0, 0, 1, 0, 1, 0, 0, 0, 0, 0, 0, 0, 0, 1, 0, 0, 0, 0, 0, 0, 1, 1, 0, 0, 0, 1, 1, 0, 0, 0, 0, 0, 1, 0, 0, 0, 0, 0, 1, 0, 1, 1, 1, 0, 0, 0, 1, 0, 0, 1, 0, 1, 0, 1, 0, 0, 1, 0, 0, 0, 1, 0, 0, 1, 0, 1, 0, 1, 0, 1, 0, 0, 0, 0, 0, 0, 1, 1, 0, 0, 1, 0, 0, 1, 0, 1, 1, 0, 0, 1, 0, 0, 0, 0, 0, 0, 0, 0, 1, 0, 0, 0, 1, 1, 1, 0, 1, 1, 0, 1, 1, 0, 1, 0, 1, 1, 1, 0, 0, 1, 0, 0, 1, 1, 0, 0, 0, 0, 1, 0, 1, 0, 1, 0, 1, 0, 0, 0, 0, 0, 0, 0, 0, 1, 0, 0, 0, 1, 0, 0, 0, 0, 0, 0, 1, 0, 0, 1, 1, 0, 0, 1, 0, 1, 1, 1, 0, 1, 0, 1, 0, 0, 1, 1, 0, 0, 1, 0, 0, 1, 0, 1, 1, 0, 0, 0, 1, 1, 0, 1, 0, 0, 0, 0, 1, 1, 1, 1, 1, 1, 0, 0, 0, 1, 0, 0, 1, 1, 0, 1, 0, 1, 0, 1, 1, 0, 0, 1, 0, 0, 0, 0, 1, 0, 0, 1, 1, 1, 0, 0, 0, 0, 1, 0, 0, 0, 1, 0, 0, 1, 0, 0, 0, 1, 0, 0, 0, 0, 0, 0, 0, 0, 0, 0, 1, 1, 1, 0, 0, 1, 0, 1, 1, 1, 0, 1, 0, 0, 0, 0, 1, 0, 1, 1, 0, 1, 0, 1, 1, 0, 1, 1, 0, 1, 1, 0, 0, 0, 0, 0, 1, 1, 0, 0, 1, 0, 1, 0, 0, 0, 0, 0, 1, 0, 0, 0, 0, 0, 0, 0, 1, 0, 0, 0, 0, 1, 0, 0, 0, 1, 0, 1, 0, 1, 0, 0, 0, 0, 1, 1, 0, 0, 0, 1, 0, 0, 0, 0, 1, 1, 0, 0, 0, 1, 1, 0, 1, 0, 0, 1, 1, 1, 0, 1, 0, 0, 0, 1, 0, 1, 0, 1, 1, 0, 1, 0, 0, 1, 1, 0, 0, 0, 0, 0, 0, 0, 1, 0, 0, 0, 1, 1, 0, 0, 1, 1, 0, 0, 0, 1, 0, 0, 0, 0, 0, 0, 0, 0, 0, 1, 1, 0, 1, 0, 1, 1, 1, 0, 1, 0, 0, 1, 0, 0, 0, 0, 0, 0, 0, 0, 0, 1, 1, 0, 1, 0, 0, 0, 0, 0, 1, 0, 0, 1, 1, 0, 0, 0, 0, 0, 0, 0, 0, 1, 0, 1, 0, 0, 1, 0, 0, 0, 0, 0, 0, 0, 0, 1, 1, 0, 1, 1, 0, 1, 1, 0, 0, 0, 0, 0, 0, 1, 0, 1, 1, 0, 0, 1, 0, 0, 1, 1, 0, 0, 1, 0, 0, 0, 0, 1, 0, 0, 1, 0, 1, 1, 0, 0, 0, 1, 1, 1, 1, 1, 0, 0, 0, 1, 0, 1, 0, 0, 1, 1, 1, 0, 1, 0, 0, 1, 0, 1, 0, 0, 1, 0, 0, 1, 0, 1, 0, 1, 0, 0, 1, 0, 1, 1, 0, 0, 0, 0, 0, 0, 0, 0, 1, 1, 0, 0, 1, 0, 1, 1, 0, 0, 1, 0, 0, 1, 0, 1, 0, 0, 0, 0, 1, 0, 0]
10-24 18:22 * classifiers.py * INFO     * Done
10-24 18:22 * classifiers.py * INFO     *              precision    recall  f1-score   support

   Positive       0.86      0.89      0.88       549
   Negative       0.81      0.77      0.79       342

avg / total       0.84      0.84      0.84       891

10-24 18:22 * classifiers.py * INFO     * F1 Scores (no average) --> [ 0.87511231  0.7922272 ]
10-24 18:22 * classifiers.py * INFO     * sf1 -> 0.792227204783
10-24 18:22 * classifiers.py * INFO     * GAIN --> inf% 
10-24 18:22 * classifiers.py * INFO     * mf1 -> 0.833669756929
10-24 18:22 * classifiers.py * INFO     * GAIN --> 118.67% 
10-24 18:22 * classifiers.py * INFO     * wf1 -> 0.843297824599
10-24 18:22 * classifiers.py * INFO     * GAIN --> 79.49% 
10-24 18:22 * classifiers.py * INFO     * ACC Score --> 0.843995510662
10-24 18:22 * classifiers.py * INFO     * GAIN --> 36.98% 
10-24 18:22 * root         * INFO     * Done
